<?xml version="1.0" encoding="UTF-8"?>
<!-- Generated by org.testng.reporters.JUnitXMLReporter -->
<testsuite hostname="Gaurav" ignored="0" name="Default test" tests="4" failures="0" timestamp="16 May 2018 19:49:14 GMT" time="0.066" errors="0">
  <testcase name="testGroupsFour" time="0.009" classname="testCases.groupAnnotations"/>
  <testcase name="testGroupsOne" time="0.002" classname="testCases.groupAnnotations"/>
  <testcase name="testGroupsThree" time="0.002" classname="testCases.groupAnnotations"/>
  <testcase name="testGroupsTwo" time="0.004" classname="testCases.groupAnnotations"/>
</testsuite> <!-- Default test -->
