<?xml version="1.0" encoding="UTF-8"?>
<testng-results skipped="0" failed="0" ignored="0" total="1" passed="1">
  <reporter-output>
  </reporter-output>
  <suite name="Suite" duration-ms="34" started-at="2017-11-28T06:49:12Z" finished-at="2017-11-28T06:49:12Z">
    <groups>
    </groups>
    <test name="Test" duration-ms="34" started-at="2017-11-28T06:49:12Z" finished-at="2017-11-28T06:49:12Z">
      <class name="pageObjects.test3$test2">
        <test-method status="PASS" signature="gaurav3(java.lang.String)[pri:0, instance:pageObjects.test3$test2@1324409e]" name="gaurav3" duration-ms="10" started-at="2017-11-28T12:19:12Z" finished-at="2017-11-28T12:19:12Z">
          <params>
            <param index="0">
              <value>
                <![CDATA[chaudhary]]>
              </value>
            </param>
          </params>
          <reporter-output>
          </reporter-output>
        </test-method> <!-- gaurav3 -->
      </class> <!-- pageObjects.test3$test2 -->
    </test> <!-- Test -->
  </suite> <!-- Suite -->
</testng-results>
