<?xml version="1.0" encoding="UTF-8"?>
<testsuite name="Test"
           tests="1"
           failures="1"
           errors="0"
           skipped="0"
           time="32.391">
  <properties />
            <testcase name="gridBrowser" time="32.391" classname="basePackage.GetBrowserInstance">
                <failure type="org.openqa.selenium.remote.UnreachableBrowserException"
                  message="Could not start a new session. Possible causes are invalid address of the remote server or browser start-up failure.
Build info: version: &apos;3.5.3&apos;, revision: &apos;a88d25fe6b&apos;, time: &apos;2017-08-29T12:42:44.417Z&apos;
System info: host: &apos;GAURAVK&apos;, ip: &apos;169.254.21.95&apos;, os.name: &apos;Windows 7&apos;, os.arch: &apos;amd64&apos;, os.version: &apos;6.1&apos;, java.version: &apos;1.8.0_141&apos;
Driver info: driver.version: RemoteWebDriver"
              >
<![CDATA[org.openqa.selenium.remote.UnreachableBrowserException: Could not start a new session. Possible causes are invalid address of the remote server or browser start-up failure.
Build info: version: '3.5.3', revision: 'a88d25fe6b', time: '2017-08-29T12:42:44.417Z'
System info: host: 'GAURAVK', ip: '169.254.21.95', os.name: 'Windows 7', os.arch: 'amd64', os.version: '6.1', java.version: '1.8.0_141'
Driver info: driver.version: RemoteWebDriver
  org.openqa.selenium.remote.RemoteWebDriver.execute(RemoteWebDriver.java:667)
  org.openqa.selenium.remote.RemoteWebDriver.startSession(RemoteWebDriver.java:255)
  org.openqa.selenium.remote.RemoteWebDriver.startSession(RemoteWebDriver.java:237)
  org.openqa.selenium.remote.RemoteWebDriver.<init>(RemoteWebDriver.java:138)
  org.openqa.selenium.remote.RemoteWebDriver.<init>(RemoteWebDriver.java:175)
  basePackage.GetBrowserInstance.gridBrowser(GetBrowserInstance.java:95)
  sun.reflect.NativeMethodAccessorImpl.invoke0(Native Method)
  sun.reflect.NativeMethodAccessorImpl.invoke(Unknown Source)
  sun.reflect.DelegatingMethodAccessorImpl.invoke(Unknown Source)
  java.lang.reflect.Method.invoke(Unknown Source)
  org.testng.internal.MethodInvocationHelper.invokeMethod(MethodInvocationHelper.java:108)
  org.testng.internal.Invoker.invokeMethod(Invoker.java:669)
  org.testng.internal.Invoker.invokeTestMethod(Invoker.java:877)
  org.testng.internal.Invoker.invokeTestMethods(Invoker.java:1201)
  org.testng.internal.TestMethodWorker.invokeTestMethods(TestMethodWorker.java:125)
  org.testng.internal.TestMethodWorker.run(TestMethodWorker.java:109)
  org.testng.TestRunner.privateRun(TestRunner.java:776)
  org.testng.TestRunner.run(TestRunner.java:634)
  org.testng.SuiteRunner.runTest(SuiteRunner.java:425)
  org.testng.SuiteRunner.runSequentially(SuiteRunner.java:420)
  org.testng.SuiteRunner.privateRun(SuiteRunner.java:385)
  org.testng.SuiteRunner.run(SuiteRunner.java:334)
  org.testng.SuiteRunnerWorker.runSuite(SuiteRunnerWorker.java:52)
  org.testng.SuiteRunnerWorker.run(SuiteRunnerWorker.java:86)
  org.testng.TestNG.runSuitesSequentially(TestNG.java:1318)
  org.testng.TestNG.runSuitesLocally(TestNG.java:1243)
  org.testng.TestNG.runSuites(TestNG.java:1161)
  org.testng.TestNG.run(TestNG.java:1129)
  org.testng.remote.AbstractRemoteTestNG.run(AbstractRemoteTestNG.java:114)
  org.testng.remote.RemoteTestNG.initAndRun(RemoteTestNG.java:251)
  org.testng.remote.RemoteTestNG.main(RemoteTestNG.java:77)
Caused by: org.apache.http.conn.HttpHostConnectException: Connect to 192.168.1.7:4445 [/192.168.1.7] failed: Connection timed out: connect
  org.apache.http.impl.conn.DefaultHttpClientConnectionOperator.connect(DefaultHttpClientConnectionOperator.java:159)
  org.apache.http.impl.conn.PoolingHttpClientConnectionManager.connect(PoolingHttpClientConnectionManager.java:359)
  org.apache.http.impl.execchain.MainClientExec.establishRoute(MainClientExec.java:381)
  org.apache.http.impl.execchain.MainClientExec.execute(MainClientExec.java:237)
  org.apache.http.impl.execchain.ProtocolExec.execute(ProtocolExec.java:185)
  org.apache.http.impl.execchain.RetryExec.execute(RetryExec.java:89)
  org.apache.http.impl.execchain.RedirectExec.execute(RedirectExec.java:111)
  org.apache.http.impl.client.InternalHttpClient.doExecute(InternalHttpClient.java:185)
  org.apache.http.impl.client.CloseableHttpClient.execute(CloseableHttpClient.java:72)
  org.apache.http.impl.client.CloseableHttpClient.execute(CloseableHttpClient.java:56)
  org.openqa.selenium.remote.internal.ApacheHttpClient.fallBackExecute(ApacheHttpClient.java:139)
  org.openqa.selenium.remote.internal.ApacheHttpClient.execute(ApacheHttpClient.java:87)
  org.openqa.selenium.remote.ProtocolHandshake.createSession(ProtocolHandshake.java:337)
  org.openqa.selenium.remote.ProtocolHandshake.createSession(ProtocolHandshake.java:136)
  org.openqa.selenium.remote.HttpCommandExecutor.execute(HttpCommandExecutor.java:142)
  org.openqa.selenium.remote.RemoteWebDriver.execute(RemoteWebDriver.java:646)
  org.openqa.selenium.remote.RemoteWebDriver.startSession(RemoteWebDriver.java:255)
  org.openqa.selenium.remote.RemoteWebDriver.startSession(RemoteWebDriver.java:237)
  org.openqa.selenium.remote.RemoteWebDriver.<init>(RemoteWebDriver.java:138)
  org.openqa.selenium.remote.RemoteWebDriver.<init>(RemoteWebDriver.java:175)
  basePackage.GetBrowserInstance.gridBrowser(GetBrowserInstance.java:95)
  sun.reflect.NativeMethodAccessorImpl.invoke0(Native Method)
  sun.reflect.NativeMethodAccessorImpl.invoke(Unknown Source)
  sun.reflect.DelegatingMethodAccessorImpl.invoke(Unknown Source)
  java.lang.reflect.Method.invoke(Unknown Source)
  org.testng.internal.MethodInvocationHelper.invokeMethod(MethodInvocationHelper.java:108)
  org.testng.internal.Invoker.invokeMethod(Invoker.java:669)
  org.testng.internal.Invoker.invokeTestMethod(Invoker.java:877)
  org.testng.internal.Invoker.invokeTestMethods(Invoker.java:1201)
  org.testng.internal.TestMethodWorker.invokeTestMethods(TestMethodWorker.java:125)
  org.testng.internal.TestMethodWorker.run(TestMethodWorker.java:109)
  org.testng.TestRunner.privateRun(TestRunner.java:776)
  org.testng.TestRunner.run(TestRunner.java:634)
  org.testng.SuiteRunner.runTest(SuiteRunner.java:425)
  org.testng.SuiteRunner.runSequentially(SuiteRunner.java:420)
  org.testng.SuiteRunner.privateRun(SuiteRunner.java:385)
  org.testng.SuiteRunner.run(SuiteRunner.java:334)
  org.testng.SuiteRunnerWorker.runSuite(SuiteRunnerWorker.java:52)
  org.testng.SuiteRunnerWorker.run(SuiteRunnerWorker.java:86)
  org.testng.TestNG.runSuitesSequentially(TestNG.java:1318)
  org.testng.TestNG.runSuitesLocally(TestNG.java:1243)
  org.testng.TestNG.runSuites(TestNG.java:1161)
  org.testng.TestNG.run(TestNG.java:1129)
  org.testng.remote.AbstractRemoteTestNG.run(AbstractRemoteTestNG.java:114)
  org.testng.remote.RemoteTestNG.initAndRun(RemoteTestNG.java:251)
  org.testng.remote.RemoteTestNG.main(RemoteTestNG.java:77)
Caused by: java.net.ConnectException: Connection timed out: connect
  java.net.DualStackPlainSocketImpl.waitForConnect(Native Method)
  java.net.DualStackPlainSocketImpl.socketConnect(Unknown Source)
  java.net.AbstractPlainSocketImpl.doConnect(Unknown Source)
  java.net.AbstractPlainSocketImpl.connectToAddress(Unknown Source)
  java.net.AbstractPlainSocketImpl.connect(Unknown Source)
  java.net.PlainSocketImpl.connect(Unknown Source)
  java.net.SocksSocketImpl.connect(Unknown Source)
  java.net.Socket.connect(Unknown Source)
  org.apache.http.conn.socket.PlainConnectionSocketFactory.connectSocket(PlainConnectionSocketFactory.java:75)
  org.apache.http.impl.conn.DefaultHttpClientConnectionOperator.connect(DefaultHttpClientConnectionOperator.java:142)
  org.apache.http.impl.conn.PoolingHttpClientConnectionManager.connect(PoolingHttpClientConnectionManager.java:359)
  org.apache.http.impl.execchain.MainClientExec.establishRoute(MainClientExec.java:381)
  org.apache.http.impl.execchain.MainClientExec.execute(MainClientExec.java:237)
  org.apache.http.impl.execchain.ProtocolExec.execute(ProtocolExec.java:185)
  org.apache.http.impl.execchain.RetryExec.execute(RetryExec.java:89)
  org.apache.http.impl.execchain.RedirectExec.execute(RedirectExec.java:111)
  org.apache.http.impl.client.InternalHttpClient.doExecute(InternalHttpClient.java:185)
  org.apache.http.impl.client.CloseableHttpClient.execute(CloseableHttpClient.java:72)
  org.apache.http.impl.client.CloseableHttpClient.execute(CloseableHttpClient.java:56)
  org.openqa.selenium.remote.internal.ApacheHttpClient.fallBackExecute(ApacheHttpClient.java:139)
  org.openqa.selenium.remote.internal.ApacheHttpClient.execute(ApacheHttpClient.java:87)
  org.openqa.selenium.remote.ProtocolHandshake.createSession(ProtocolHandshake.java:337)
  org.openqa.selenium.remote.ProtocolHandshake.createSession(ProtocolHandshake.java:136)
  org.openqa.selenium.remote.HttpCommandExecutor.execute(HttpCommandExecutor.java:142)
  org.openqa.selenium.remote.RemoteWebDriver.execute(RemoteWebDriver.java:646)
  org.openqa.selenium.remote.RemoteWebDriver.startSession(RemoteWebDriver.java:255)
  org.openqa.selenium.remote.RemoteWebDriver.startSession(RemoteWebDriver.java:237)
  org.openqa.selenium.remote.RemoteWebDriver.<init>(RemoteWebDriver.java:138)
  org.openqa.selenium.remote.RemoteWebDriver.<init>(RemoteWebDriver.java:175)
  basePackage.GetBrowserInstance.gridBrowser(GetBrowserInstance.java:95)
  sun.reflect.NativeMethodAccessorImpl.invoke0(Native Method)
  sun.reflect.NativeMethodAccessorImpl.invoke(Unknown Source)
  sun.reflect.DelegatingMethodAccessorImpl.invoke(Unknown Source)
  java.lang.reflect.Method.invoke(Unknown Source)
  org.testng.internal.MethodInvocationHelper.invokeMethod(MethodInvocationHelper.java:108)
  org.testng.internal.Invoker.invokeMethod(Invoker.java:669)
  org.testng.internal.Invoker.invokeTestMethod(Invoker.java:877)
  org.testng.internal.Invoker.invokeTestMethods(Invoker.java:1201)
  org.testng.internal.TestMethodWorker.invokeTestMethods(TestMethodWorker.java:125)
  org.testng.internal.TestMethodWorker.run(TestMethodWorker.java:109)
  org.testng.TestRunner.privateRun(TestRunner.java:776)
  org.testng.TestRunner.run(TestRunner.java:634)
  org.testng.SuiteRunner.runTest(SuiteRunner.java:425)
  org.testng.SuiteRunner.runSequentially(SuiteRunner.java:420)
  org.testng.SuiteRunner.privateRun(SuiteRunner.java:385)
  org.testng.SuiteRunner.run(SuiteRunner.java:334)
  org.testng.SuiteRunnerWorker.runSuite(SuiteRunnerWorker.java:52)
  org.testng.SuiteRunnerWorker.run(SuiteRunnerWorker.java:86)
  org.testng.TestNG.runSuitesSequentially(TestNG.java:1318)
  org.testng.TestNG.runSuitesLocally(TestNG.java:1243)
  org.testng.TestNG.runSuites(TestNG.java:1161)
  org.testng.TestNG.run(TestNG.java:1129)
  org.testng.remote.AbstractRemoteTestNG.run(AbstractRemoteTestNG.java:114)
  org.testng.remote.RemoteTestNG.initAndRun(RemoteTestNG.java:251)
  org.testng.remote.RemoteTestNG.main(RemoteTestNG.java:77)
]]>
      </failure>

          </testcase>
  
  
  
</testsuite>
