<?xml version="1.0" encoding="UTF-8"?>
<testng-results skipped="0" failed="0" ignored="0" total="1" passed="1">
  <reporter-output>
  </reporter-output>
  <suite name="Default suite" duration-ms="8399" started-at="2017-12-08T13:55:33Z" finished-at="2017-12-08T13:55:41Z">
    <groups>
    </groups>
    <test name="Default test" duration-ms="8399" started-at="2017-12-08T13:55:33Z" finished-at="2017-12-08T13:55:41Z">
      <class name="pageObjects.test2">
        <test-method status="PASS" signature="test()[pri:0, instance:pageObjects.test2@5025a98f]" name="test" duration-ms="8368" started-at="2017-12-08T19:25:33Z" finished-at="2017-12-08T19:25:41Z">
          <reporter-output>
          </reporter-output>
        </test-method> <!-- test -->
      </class> <!-- pageObjects.test2 -->
    </test> <!-- Default test -->
  </suite> <!-- Default suite -->
</testng-results>
